{"C:\\Cursos\\NODE.JS\\Alura testes unitarios e integracao\\index.js": {"path":"C:\\Cursos\\NODE.JS\\Alura testes unitarios e integracao\\index.js","statementMap":{"0":{"start":{"line":2,"column":2},"end":{"line":2,"column":34}},"1":{"start":{"line":6,"column":2},"end":{"line":6,"column":29}}},"fnMap":{"0":{"name":"somaHorasExtras","decl":{"start":{"line":1,"column":9},"end":{"line":1,"column":24}},"loc":{"start":{"line":1,"column":50},"end":{"line":3,"column":1}},"line":1},"1":{"name":"calculaDescontos","decl":{"start":{"line":5,"column":9},"end":{"line":5,"column":25}},"loc":{"start":{"line":5,"column":46},"end":{"line":7,"column":1}},"line":5}},"branchMap":{},"s":{"0":1,"1":1},"f":{"0":1,"1":1},"b":{},"_coverageSchema":"1a1c01bbd47fc00a2c39e90264f33305004495a9","hash":"6e6d3d7123664e96b108890e1e7241f4eafeb9e9"}
}
